{"/Users/arcaglar/projects/shopify/shopify/src/App.vue": {"path":"/Users/arcaglar/projects/shopify/shopify/src/App.vue","statementMap":{"0":{"start":{"line":6,"column":0},"end":{"line":6,"column":null}},"1":{"start":{"line":8,"column":15},"end":{"line":8,"column":null}}},"fnMap":{},"branchMap":{},"s":{"0":0,"1":0},"f":{},"b":{}}
,"/Users/arcaglar/projects/shopify/shopify/src/components/Accordion.vue": {"path":"/Users/arcaglar/projects/shopify/shopify/src/components/Accordion.vue","statementMap":{"0":{"start":{"line":8,"column":15},"end":{"line":8,"column":null}}},"fnMap":{},"branchMap":{},"s":{"0":2},"f":{},"b":{}}
,"/Users/arcaglar/projects/shopify/shopify/src/components/ListHeader.vue": {"path":"/Users/arcaglar/projects/shopify/shopify/src/components/ListHeader.vue","statementMap":{"0":{"start":{"line":11,"column":15},"end":{"line":11,"column":null}}},"fnMap":{},"branchMap":{},"s":{"0":1},"f":{},"b":{}}
,"/Users/arcaglar/projects/shopify/shopify/src/components/ListItem.vue": {"path":"/Users/arcaglar/projects/shopify/shopify/src/components/ListItem.vue","statementMap":{"0":{"start":{"line":13,"column":0},"end":{"line":13,"column":null}},"1":{"start":{"line":15,"column":15},"end":{"line":15,"column":null}}},"fnMap":{},"branchMap":{},"s":{"0":2,"1":2},"f":{},"b":{}}
,"/Users/arcaglar/projects/shopify/shopify/src/components/Pagination.vue": {"path":"/Users/arcaglar/projects/shopify/shopify/src/components/Pagination.vue","statementMap":{"0":{"start":{"line":8,"column":15},"end":{"line":8,"column":null}}},"fnMap":{},"branchMap":{},"s":{"0":2},"f":{},"b":{}}
,"/Users/arcaglar/projects/shopify/shopify/src/pages/List.vue": {"path":"/Users/arcaglar/projects/shopify/shopify/src/pages/List.vue","statementMap":{"0":{"start":{"line":19,"column":0},"end":{"line":19,"column":null}},"1":{"start":{"line":20,"column":0},"end":{"line":20,"column":null}},"2":{"start":{"line":21,"column":0},"end":{"line":21,"column":null}},"3":{"start":{"line":22,"column":0},"end":{"line":22,"column":null}},"4":{"start":{"line":24,"column":15},"end":{"line":24,"column":null}},"5":{"start":{"line":32,"column":19},"end":{"line":32,"column":23}},"6":{"start":{"line":33,"column":18},"end":{"line":33,"column":27}},"7":{"start":{"line":39,"column":24},"end":{"line":39,"column":28}},"8":{"start":{"line":41,"column":4},"end":{"line":41,"column":12}},"9":{"start":{"line":5138,"column":22},"end":{"line":5141,"column":null}},"10":{"start":{"line":5139,"column":8},"end":{"line":5139,"column":13}},"11":{"start":{"line":5140,"column":8},"end":{"line":5140,"column":13}},"12":{"start":{"line":5143,"column":27},"end":{"line":5143,"column":null}},"13":{"start":{"line":5143,"column":37},"end":{"line":5143,"column":null}},"14":{"start":{"line":5145,"column":29},"end":{"line":5145,"column":38}},"15":{"start":{"line":5146,"column":6},"end":{"line":5146,"column":13}},"16":{"start":{"line":5147,"column":8},"end":{"line":5147,"column":null}},"17":{"start":{"line":5155,"column":4},"end":{"line":5155,"column":11}}},"fnMap":{"0":{"name":"(anonymous_0)","decl":{"start":{"line":31,"column":2},"end":{"line":31,"column":7}},"loc":{"start":{"line":31,"column":10},"end":{"line":5156,"column":null}}},"1":{"name":"(anonymous_1)","decl":{"start":{"line":5138,"column":22},"end":{"line":5138,"column":32}},"loc":{"start":{"line":5138,"column":32},"end":{"line":5141,"column":null}}},"2":{"name":"(anonymous_2)","decl":{"start":{"line":5143,"column":27},"end":{"line":5143,"column":37}},"loc":{"start":{"line":5143,"column":37},"end":{"line":5143,"column":null}}},"3":{"name":"(anonymous_3)","decl":{"start":{"line":5145,"column":38},"end":{"line":5145,"column":44}},"loc":{"start":{"line":5145,"column":44},"end":{"line":5153,"column":null}}},"4":{"name":"(anonymous_4)","decl":{"start":{"line":5146,"column":39},"end":{"line":5146,"column":51}},"loc":{"start":{"line":5146,"column":51},"end":{"line":5152,"column":null}}}},"branchMap":{"0":{"loc":{"start":{"line":5143,"column":85},"end":{"line":5143,"column":90}},"type":"cond-expr","locations":[{"start":{"line":5143,"column":85},"end":{"line":5143,"column":90}},{"start":{"line":5143,"column":90},"end":{"line":5143,"column":null}}]}},"s":{"0":1,"1":1,"2":1,"3":1,"4":1,"5":1,"6":1,"7":1,"8":1,"9":1,"10":0,"11":0,"12":1,"13":0,"14":1,"15":1,"16":50,"17":1},"f":{"0":1,"1":0,"2":0,"3":1,"4":50},"b":{"0":[0,0]}}
}
