TN:
SF:/Users/arcaglar/projects/shopify/shopify/src/App.vue
FNF:0
FNH:0
DA:6,0
DA:8,0
LF:2
LH:0
BRF:0
BRH:0
end_of_record
TN:
SF:/Users/arcaglar/projects/shopify/shopify/src/components/Accordion.vue
FNF:0
FNH:0
DA:8,2
LF:1
LH:1
BRF:0
BRH:0
end_of_record
TN:
SF:/Users/arcaglar/projects/shopify/shopify/src/components/ListHeader.vue
FNF:0
FNH:0
DA:11,1
LF:1
LH:1
BRF:0
BRH:0
end_of_record
TN:
SF:/Users/arcaglar/projects/shopify/shopify/src/components/ListItem.vue
FNF:0
FNH:0
DA:13,2
DA:15,2
LF:2
LH:2
BRF:0
BRH:0
end_of_record
TN:
SF:/Users/arcaglar/projects/shopify/shopify/src/components/Pagination.vue
FNF:0
FNH:0
DA:8,2
LF:1
LH:1
BRF:0
BRH:0
end_of_record
TN:
SF:/Users/arcaglar/projects/shopify/shopify/src/pages/List.vue
FN:31,(anonymous_0)
FN:5138,(anonymous_1)
FN:5143,(anonymous_2)
FN:5145,(anonymous_3)
FN:5146,(anonymous_4)
FNF:5
FNH:3
FNDA:1,(anonymous_0)
FNDA:0,(anonymous_1)
FNDA:0,(anonymous_2)
FNDA:1,(anonymous_3)
FNDA:50,(anonymous_4)
DA:19,1
DA:20,1
DA:21,1
DA:22,1
DA:24,1
DA:32,1
DA:33,1
DA:39,1
DA:41,1
DA:5138,1
DA:5139,0
DA:5140,0
DA:5143,1
DA:5145,1
DA:5146,1
DA:5147,50
DA:5155,1
LF:17
LH:15
BRDA:5143,0,0,0
BRDA:5143,0,1,0
BRF:2
BRH:0
end_of_record
